<?xml version="1.0" encoding="UTF-8"?>
<!-- Generated by org.testng.reporters.JUnitReportReporter -->
<testsuite hostname="DESKTOP-2KMD3NC" failures="0" tests="5" name="testNG.Program2" time="0.076" errors="0" timestamp="24 Apr 2022 06:26:19 GMT" skipped="1">
  <testcase classname="testNG.Program2" name="Test3" time="0.055"/>
  <testcase classname="testNG.Program2" name="Test5" time="0.004"/>
  <testcase classname="testNG.Program2" name="Test2" time="0.008"/>
  <testcase classname="testNG.Program2" name="Test1" time="0.009"/>
  <testcase classname="testNG.Program2" name="Test4">
    <skipped/>
  </testcase> <!-- Test4 -->
</testsuite> <!-- testNG.Program2 -->
