<?xml version="1.0" encoding="UTF-8"?>
<!-- Generated by org.testng.reporters.JUnitReportReporter -->
<testsuite hostname="DESKTOP-2KMD3NC" failures="0" tests="1" name="testNG.ProgramTestNG" time="0.154" errors="0" timestamp="23 Apr 2022 17:28:11 GMT" skipped="0">
  <testcase classname="testNG.ProgramTestNG" name="test" time="0.154"/>
</testsuite> <!-- testNG.ProgramTestNG -->
