<?xml version="1.0" encoding="UTF-8"?>
<!-- Generated by org.testng.reporters.JUnitReportReporter -->
<testsuite hostname="DESKTOP-2KMD3NC" failures="0" tests="2" name="testNG.GroupMethod" time="30.820" errors="0" timestamp="30 Apr 2022 05:28:57 GMT" skipped="0">
  <testcase classname="testNG.GroupMethod" name="User2" time="13.600"/>
  <testcase classname="testNG.GroupMethod" name="FacebookUser" time="17.220"/>
</testsuite> <!-- testNG.GroupMethod -->
