<?xml version="1.0" encoding="UTF-8"?>
<!-- Generated by org.testng.reporters.JUnitReportReporter -->
<testsuite hostname="DESKTOP-2KMD3NC" failures="0" tests="5" name="testNG.Program3" time="0.062" errors="0" timestamp="24 Apr 2022 06:26:19 GMT" skipped="0">
  <testcase classname="testNG.Program3" name="Data3" time="0.011"/>
  <testcase classname="testNG.Program3" name="Data2" time="0.009"/>
  <testcase classname="testNG.Program3" name="Data1" time="0.019"/>
  <testcase classname="testNG.Program3" name="Data2" time="0.009"/>
  <testcase classname="testNG.Program3" name="Data2" time="0.014"/>
</testsuite> <!-- testNG.Program3 -->
