<?xml version="1.0" encoding="UTF-8"?>
<!-- Generated by org.testng.reporters.JUnitReportReporter -->
<testsuite hostname="DESKTOP-2KMD3NC" failures="0" tests="2" name="testNG.Groupmtd2" time="42.987" errors="0" timestamp="30 Apr 2022 05:28:57 GMT" skipped="0">
  <testcase classname="testNG.Groupmtd2" name="pass2" time="25.958"/>
  <testcase classname="testNG.Groupmtd2" name="pass3" time="17.029"/>
</testsuite> <!-- testNG.Groupmtd2 -->
