<?xml version="1.0" encoding="UTF-8"?>
<!-- Generated by org.testng.reporters.JUnitReportReporter -->
<testsuite hostname="DESKTOP-2KMD3NC" failures="0" tests="1" name="testNG.Adactin" time="31.875" errors="0" timestamp="25 Apr 2022 05:52:18 GMT" skipped="0">
  <testcase classname="testNG.Adactin" name="loginpage" time="31.875"/>
</testsuite> <!-- testNG.Adactin -->
